[    0.000000] Initializing cgroup subsys cpuset
[    0.000000] Initializing cgroup subsys cpu
[    0.000000] Initializing cgroup subsys cpuacct
[    0.000000] Linux version 4.4.0-166-generic (buildd@lcy01-amd64-020) (gcc version 5.4.0 20160609 (Ubuntu 5.4.0-6ubuntu1~16.04.10) ) #195-Ubuntu SMP Tue Oct 1 09:35:25 UTC 2019 (Ubuntu 4.4.0-166.195-generic 4.4.194)
[    0.000000] Command line: BOOT_IMAGE=/boot/vmlinuz-4.4.0-166-generic root=LABEL=cloudimg-rootfs ro console=tty1 console=ttyS0
[    0.000000] KERNEL supported cpus:
[    0.000000]   Intel GenuineIntel
[    0.000000]   AMD AuthenticAMD
[    0.000000]   Centaur CentaurHauls
[    0.000000] x86/fpu: xstate_offset[2]:  576, xstate_sizes[2]:  256
[    0.000000] x86/fpu: Supporting XSAVE feature 0x01: 'x87 floating point registers'
[    0.000000] x86/fpu: Supporting XSAVE feature 0x02: 'SSE registers'
[    0.000000] x86/fpu: Supporting XSAVE feature 0x04: 'AVX registers'
[    0.000000] x86/fpu: Enabled xstate features 0x7, context size is 832 bytes, using 'standard' format.
[    0.000000] e820: BIOS-provided physical RAM map:
[    0.000000] BIOS-e820: [mem 0x0000000000000000-0x000000000009fbff] usable
[    0.000000] BIOS-e820: [mem 0x000000000009fc00-0x000000000009ffff] reserved
[    0.000000] BIOS-e820: [mem 0x00000000000f0000-0x00000000000fffff] reserved
[    0.000000] BIOS-e820: [mem 0x0000000000100000-0x000000003ffeffff] usable
[    0.000000] BIOS-e820: [mem 0x000000003fff0000-0x000000003fffffff] ACPI data
[    0.000000] BIOS-e820: [mem 0x00000000fec00000-0x00000000fec00fff] reserved
[    0.000000] BIOS-e820: [mem 0x00000000fee00000-0x00000000fee00fff] reserved
[    0.000000] BIOS-e820: [mem 0x00000000fffc0000-0x00000000ffffffff] reserved
[    0.000000] NX (Execute Disable) protection: active
[    0.000000] SMBIOS 2.5 present.
[    0.000000] Hypervisor detected: KVM
[    0.000000] e820: last_pfn = 0x3fff0 max_arch_pfn = 0x400000000
[    0.000000] MTRR: Disabled
[    0.000000] x86/PAT: MTRRs disabled, skipping PAT initialization too.
[    0.000000] CPU MTRRs all blank - virtualized system.
[    0.000000] x86/PAT: Configuration [0-7]: WB  WT  UC- UC  WB  WT  UC- UC  
[    0.000000] found SMP MP-table at [mem 0x0009fff0-0x0009ffff] mapped at [ffff88000009fff0]
[    0.000000] Scanning 1 areas for low memory corruption
[    0.000000] RAMDISK: [mem 0x362f6000-0x37172fff]
[    0.000000] ACPI: Early table checksum verification disabled
[    0.000000] ACPI: RSDP 0x00000000000E0000 000024 (v02 VBOX  )
[    0.000000] ACPI: XSDT 0x000000003FFF0030 00003C (v01 VBOX   VBOXXSDT 00000001 ASL  00000061)
[    0.000000] ACPI: FACP 0x000000003FFF00F0 0000F4 (v04 VBOX   VBOXFACP 00000001 ASL  00000061)
[    0.000000] ACPI: DSDT 0x000000003FFF0470 0022EA (v02 VBOX   VBOXBIOS 00000002 INTL 20100528)
[    0.000000] ACPI: FACS 0x000000003FFF0200 000040
[    0.000000] ACPI: FACS 0x000000003FFF0200 000040
[    0.000000] ACPI: APIC 0x000000003FFF0240 00005C (v02 VBOX   VBOXAPIC 00000001 ASL  00000061)
[    0.000000] ACPI: SSDT 0x000000003FFF02A0 0001CC (v01 VBOX   VBOXCPUT 00000002 INTL 20100528)
[    0.000000] No NUMA configuration found
[    0.000000] Faking a node at [mem 0x0000000000000000-0x000000003ffeffff]
[    0.000000] NODE_DATA(0) allocated [mem 0x3ffeb000-0x3ffeffff]
[    0.000000] kvm-clock: Using msrs 4b564d01 and 4b564d00
[    0.000000] kvm-clock: cpu 0, msr 0:3ffe3001, primary cpu clock
[    0.000000] kvm-clock: using sched offset of 4676960868 cycles
[    0.000000] clocksource: kvm-clock: mask: 0xffffffffffffffff max_cycles: 0x1cd42e4dffb, max_idle_ns: 881590591483 ns
[    0.000000] Zone ranges:
[    0.000000]   DMA      [mem 0x0000000000001000-0x0000000000ffffff]
[    0.000000]   DMA32    [mem 0x0000000001000000-0x000000003ffeffff]
[    0.000000]   Normal   empty
[    0.000000]   Device   empty
[    0.000000] Movable zone start for each node
[    0.000000] Early memory node ranges
[    0.000000]   node   0: [mem 0x0000000000001000-0x000000000009efff]
[    0.000000]   node   0: [mem 0x0000000000100000-0x000000003ffeffff]
[    0.000000] Initmem setup node 0 [mem 0x0000000000001000-0x000000003ffeffff]
[    0.000000] ACPI: PM-Timer IO Port: 0x4008
[    0.000000] IOAPIC[0]: apic_id 2, version 32, address 0xfec00000, GSI 0-23
[    0.000000] ACPI: INT_SRC_OVR (bus 0 bus_irq 0 global_irq 2 dfl dfl)
[    0.000000] ACPI: INT_SRC_OVR (bus 0 bus_irq 9 global_irq 9 low level)
[    0.000000] Using ACPI (MADT) for SMP configuration information
[    0.000000] smpboot: Allowing 2 CPUs, 0 hotplug CPUs
[    0.000000] PM: Registered nosave memory: [mem 0x00000000-0x00000fff]
[    0.000000] PM: Registered nosave memory: [mem 0x0009f000-0x0009ffff]
[    0.000000] PM: Registered nosave memory: [mem 0x000a0000-0x000effff]
[    0.000000] PM: Registered nosave memory: [mem 0x000f0000-0x000fffff]
[    0.000000] e820: [mem 0x40000000-0xfebfffff] available for PCI devices
[    0.000000] Booting paravirtualized kernel on KVM
[    0.000000] clocksource: refined-jiffies: mask: 0xffffffff max_cycles: 0xffffffff, max_idle_ns: 7645519600211568 ns
[    0.000000] setup_percpu: NR_CPUS:512 nr_cpumask_bits:512 nr_cpu_ids:2 nr_node_ids:1
[    0.000000] PERCPU: Embedded 34 pages/cpu @ffff88003fc00000 s99544 r8192 d31528 u1048576
[    0.000000] Built 1 zonelists in Node order, mobility grouping on.  Total pages: 257912
[    0.000000] Policy zone: DMA32
[    0.000000] Kernel command line: BOOT_IMAGE=/boot/vmlinuz-4.4.0-166-generic root=LABEL=cloudimg-rootfs ro console=tty1 console=ttyS0
[    0.000000] PID hash table entries: 4096 (order: 3, 32768 bytes)
[    0.000000] Memory: 997712K/1048120K available (8623K kernel code, 1336K rwdata, 4036K rodata, 1488K init, 1288K bss, 50408K reserved, 0K cma-reserved)
[    0.000000] SLUB: HWalign=64, Order=0-3, MinObjects=0, CPUs=2, Nodes=1
[    0.000000] Kernel/User page tables isolation: enabled
[    0.000000] Hierarchical RCU implementation.
[    0.000000] 	Build-time adjustment of leaf fanout to 64.
[    0.000000] 	RCU restricting CPUs from NR_CPUS=512 to nr_cpu_ids=2.
[    0.000000] RCU: Adjusting geometry for rcu_fanout_leaf=64, nr_cpu_ids=2
[    0.000000] NR_IRQS:33024 nr_irqs:440 16
[    0.000000] Console: colour VGA+ 80x25
[    0.000000] console [tty1] enabled
[    0.000000] console [ttyS0] enabled
[    0.000000] tsc: Detected 2394.464 MHz processor
[    0.324802] Calibrating delay loop (skipped) preset value.. 4788.92 BogoMIPS (lpj=9577856)
[    0.328320] pid_max: default: 32768 minimum: 301
[    0.330186] ACPI: Core revision 20150930
[    0.335702] ACPI: 2 ACPI AML tables successfully acquired and loaded
[    0.338240] Security Framework initialized
[    0.339984] Yama: becoming mindful.
[    0.341529] AppArmor: AppArmor initialized
[    0.343431] Dentry cache hash table entries: 131072 (order: 8, 1048576 bytes)
[    0.350687] Inode-cache hash table entries: 65536 (order: 7, 524288 bytes)
[    0.353808] Mount-cache hash table entries: 2048 (order: 2, 16384 bytes)
[    0.356518] Mountpoint-cache hash table entries: 2048 (order: 2, 16384 bytes)
[    0.359603] Initializing cgroup subsys io
[    0.361562] Initializing cgroup subsys memory
[    0.363608] Initializing cgroup subsys devices
[    0.365669] Initializing cgroup subsys freezer
[    0.367883] Initializing cgroup subsys net_cls
[    0.369862] Initializing cgroup subsys perf_event
[    0.371960] Initializing cgroup subsys net_prio
[    0.373896] Initializing cgroup subsys hugetlb
[    0.375881] Initializing cgroup subsys pids
[    0.378580] mce: CPU supports 0 MCE banks
[    0.380318] Last level iTLB entries: 4KB 1024, 2MB 1024, 4MB 1024
[    0.382528] Last level dTLB entries: 4KB 1024, 2MB 1024, 4MB 1024, 1GB 4
[    0.384969] Spectre V1 : Mitigation: usercopy/swapgs barriers and __user pointer sanitization
[    0.388702] Spectre V2 : Mitigation: Full generic retpoline
[    0.391080] Spectre V2 : Spectre v2 / SpectreRSB mitigation: Filling RSB on context switch
[    0.394675] Speculative Store Bypass: Vulnerable
[    0.396826] MDS: Vulnerable: Clear CPU buffers attempted, no microcode
[    0.405131] Freeing SMP alternatives memory: 36K
[    0.419125] ftrace: allocating 32296 entries in 127 pages
[    0.541025] smpboot: APIC(0) Converting physical 0 to logical package 0
[    0.543621] smpboot: Max logical packages: 1
[    0.546281] x2apic enabled
[    0.548425] Switched APIC routing to physical x2apic.
[    0.553413] ..TIMER: vector=0x30 apic1=0 pin1=2 apic2=-1 pin2=-1
[    0.664111] smpboot: CPU0: Intel(R) Core(TM) i7-4700HQ CPU @ 2.40GHz (family: 0x6, model: 0x3c, stepping: 0x3)
[    0.668875] Performance Events: unsupported p6 CPU model 60 no PMU driver, software events only.
[    0.688932] KVM setup paravirtual spinlock
[    0.691838] x86: Booting SMP configuration:
[    0.693749] .... node  #0, CPUs:      #1
[    0.695484] kvm-clock: cpu 1, msr 0:3ffe3041, secondary cpu clock
[    0.697919] mce: CPU supports 0 MCE banks
[    0.700812] x86: Booted up 1 node, 2 CPUs
[    0.703228] smpboot: Total of 2 processors activated (9577.85 BogoMIPS)
[    0.706596] devtmpfs: initialized
[    0.724504] evm: security.selinux
[    0.726473] evm: security.SMACK64
[    0.728349] evm: security.SMACK64EXEC
[    0.730390] evm: security.SMACK64TRANSMUTE
[    0.732514] evm: security.SMACK64MMAP
[    0.734516] evm: security.ima
[    0.736305] evm: security.capability
[    0.738713] clocksource: jiffies: mask: 0xffffffff max_cycles: 0xffffffff, max_idle_ns: 7645041785100000 ns
[    0.743341] futex hash table entries: 512 (order: 3, 32768 bytes)
[    0.745854] pinctrl core: initialized pinctrl subsystem
[    0.748441] RTC time: 21:47:52, date: 12/20/19
[    0.750603] NET: Registered protocol family 16
[    0.765562] cpuidle: using governor ladder
[    0.776383] cpuidle: using governor menu
[    0.778480] PCCT header not found.
[    0.780260] ACPI: bus type PCI registered
[    0.781950] acpiphp: ACPI Hot Plug PCI Controller Driver version: 0.5
[    0.784473] PCI: Using configuration type 1 for base access
[    0.803754] ACPI: Added _OSI(Module Device)
[    0.805735] ACPI: Added _OSI(Processor Device)
[    0.807756] ACPI: Added _OSI(3.0 _SCP Extensions)
[    0.810122] ACPI: Added _OSI(Processor Aggregator Device)
[    0.814594] ACPI: Executed 1 blocks of module-level executable AML code
[    0.823569] ACPI: Interpreter enabled
[    0.825327] ACPI: (supports S0 S5)
[    0.827153] ACPI: Using IOAPIC for interrupt routing
[    0.829820] PCI: Using host bridge windows from ACPI; if necessary, use "pci=nocrs" and report a bug
[    0.842607] ACPI: PCI Root Bridge [PCI0] (domain 0000 [bus 00-ff])
[    0.845093] acpi PNP0A03:00: _OSC: OS supports [ASPM ClockPM Segments MSI]
[    0.848600] acpi PNP0A03:00: _OSC: not requesting OS control; OS requires [ExtendedConfig ASPM ClockPM MSI]
[    0.852338] acpi PNP0A03:00: fail to add MMCONFIG information, can't access extended PCI configuration space under this bridge.
[    0.857151] PCI host bridge to bus 0000:00
[    0.858893] pci_bus 0000:00: root bus resource [io  0x0000-0x0cf7 window]
[    0.861478] pci_bus 0000:00: root bus resource [io  0x0d00-0xffff window]
[    0.864037] pci_bus 0000:00: root bus resource [mem 0x000a0000-0x000bffff window]
[    0.867279] pci_bus 0000:00: root bus resource [mem 0x40000000-0xfdffffff window]
[    0.870540] pci_bus 0000:00: root bus resource [bus 00-ff]
[    0.875649] pci 0000:00:01.1: legacy IDE quirk: reg 0x10: [io  0x01f0-0x01f7]
[    0.878327] pci 0000:00:01.1: legacy IDE quirk: reg 0x14: [io  0x03f6]
[    0.880739] pci 0000:00:01.1: legacy IDE quirk: reg 0x18: [io  0x0170-0x0177]
[    0.883462] pci 0000:00:01.1: legacy IDE quirk: reg 0x1c: [io  0x0376]
[    0.937771] pci 0000:00:07.0: quirk: [io  0x4000-0x403f] claimed by PIIX4 ACPI
[    0.940877] pci 0000:00:07.0: quirk: [io  0x4100-0x410f] claimed by PIIX4 SMB
[    0.951169] ACPI: PCI Interrupt Link [LNKA] (IRQs 5 9 10 *11)
[    0.954708] ACPI: PCI Interrupt Link [LNKB] (IRQs 5 9 *10 11)
[    0.957698] ACPI: PCI Interrupt Link [LNKC] (IRQs 5 *9 10 11)
[    0.960683] ACPI: PCI Interrupt Link [LNKD] (IRQs 5 9 10 *11)
[    0.963725] ACPI: Enabled 2 GPEs in block 00 to 07
[    0.966159] vgaarb: setting as boot device: PCI:0000:00:02.0
[    0.968308] vgaarb: device added: PCI:0000:00:02.0,decodes=io+mem,owns=io+mem,locks=none
[    0.971670] vgaarb: loaded
[    0.973025] vgaarb: bridge control possible 0000:00:02.0
[    0.975597] SCSI subsystem initialized
[    0.977407] ACPI: bus type USB registered
[    0.979124] usbcore: registered new interface driver usbfs
[    0.981253] usbcore: registered new interface driver hub
[    0.983321] usbcore: registered new device driver usb
[    0.985646] PCI: Using ACPI for IRQ routing
[    0.987831] NetLabel: Initializing
[    0.989390] NetLabel:  domain hash size = 128
[    0.991181] NetLabel:  protocols = UNLABELED CIPSOv4
[    0.997057] NetLabel:  unlabeled traffic allowed by default
[    0.999547] amd_nb: Cannot enumerate AMD northbridges
[    1.001751] clocksource: Switched to clocksource kvm-clock
[    1.029002] AppArmor: AppArmor Filesystem Enabled
[    1.031226] pnp: PnP ACPI init
[    1.034423] pnp: PnP ACPI: found 3 devices
[    1.046861] clocksource: acpi_pm: mask: 0xffffff max_cycles: 0xffffff, max_idle_ns: 2085701024 ns
[    1.050615] NET: Registered protocol family 2
[    1.052835] TCP established hash table entries: 8192 (order: 4, 65536 bytes)
[    1.055701] TCP bind hash table entries: 8192 (order: 5, 131072 bytes)
[    1.058239] TCP: Hash tables configured (established 8192 bind 8192)
[    1.060772] UDP hash table entries: 512 (order: 2, 16384 bytes)
[    1.063193] UDP-Lite hash table entries: 512 (order: 2, 16384 bytes)
[    1.065888] NET: Registered protocol family 1
[    1.067968] pci 0000:00:00.0: Limiting direct PCI/PCI transfers
[    1.070318] pci 0000:00:01.0: Activating ISA DMA hang workarounds
[    1.072965] Unpacking initramfs...
[    1.596125] Freeing initrd memory: 14836K
[    1.598186] RAPL PMU detected, API unit is 2^-32 Joules, 4 fixed counters 10737418240 ms ovfl timer
[    1.602050] hw unit of domain pp0-core 2^-0 Joules
[    1.604259] hw unit of domain package 2^-0 Joules
[    1.606293] hw unit of domain dram 2^-0 Joules
[    1.608210] hw unit of domain pp1-gpu 2^-0 Joules
[    1.610232] clocksource: tsc: mask: 0xffffffffffffffff max_cycles: 0x2283c9c6c83, max_idle_ns: 440795277270 ns
[    1.614490] platform rtc_cmos: registered platform RTC device (no PNP device found)
[    1.617912] Scanning for low memory corruption every 60 seconds
[    1.621144] audit: initializing netlink subsys (disabled)
[    1.623282] audit: type=2000 audit(1576878479.553:1): initialized
[    1.626089] Initialise system trusted keyring
[    1.628123] HugeTLB registered 2 MB page size, pre-allocated 0 pages
[    1.633720] zbud: loaded
[    1.635730] VFS: Disk quotas dquot_6.6.0
[    1.637469] VFS: Dquot-cache hash table entries: 512 (order 0, 4096 bytes)
[    1.640584] squashfs: version 4.0 (2009/01/31) Phillip Lougher
[    1.643334] fuse init (API version 7.23)
[    1.645326] Key type big_key registered
[    1.647122] Allocating IMA MOK and blacklist keyrings.
[    1.650402] Key type asymmetric registered
[    1.652088] Asymmetric key parser 'x509' registered
[    1.654047] Block layer SCSI generic (bsg) driver version 0.4 loaded (major 249)
[    1.657349] io scheduler noop registered
[    1.659123] io scheduler deadline registered (default)
[    1.661147] io scheduler cfq registered
[    1.663009] pci_hotplug: PCI Hot Plug PCI Core version: 0.5
[    1.665201] pciehp: PCI Express Hot Plug Controller Driver version: 0.4
[    1.667764] ACPI: AC Adapter [AC] (on-line)
[    1.669587] input: Power Button as /devices/LNXSYSTM:00/LNXPWRBN:00/input/input0
[    1.672794] ACPI: Power Button [PWRF]
[    1.674557] input: Sleep Button as /devices/LNXSYSTM:00/LNXSLPBN:00/input/input1
[    1.677709] ACPI: Sleep Button [SLPF]
[    1.679681] GHES: HEST is not enabled!
[    1.680993] ACPI: Battery Slot [BAT0] (battery present)
[    1.683877] Serial: 8250/16550 driver, 32 ports, IRQ sharing enabled
[    1.707518] 00:02: ttyS0 at I/O 0x3f8 (irq = 4, base_baud = 115200) is a 16550A
[    1.714822] Linux agpgart interface v0.103
[    1.719366] loop: module loaded
[    1.721916] scsi host0: ata_piix
[    1.723681] scsi host1: ata_piix
[    1.725304] ata1: PATA max UDMA/33 cmd 0x1f0 ctl 0x3f6 bmdma 0xd000 irq 14
[    1.727748] ata2: PATA max UDMA/33 cmd 0x170 ctl 0x376 bmdma 0xd008 irq 15
[    1.730382] libphy: Fixed MDIO Bus: probed
[    1.732244] tun: Universal TUN/TAP device driver, 1.6
[    1.734249] tun: (C) 1999-2004 Max Krasnyansky <maxk@qualcomm.com>
[    1.736633] PPP generic driver version 2.4.2
[    1.738572] ehci_hcd: USB 2.0 'Enhanced' Host Controller (EHCI) Driver
[    1.740886] ehci-pci: EHCI PCI platform driver
[    1.742716] ehci-platform: EHCI generic platform driver
[    1.744711] ohci_hcd: USB 1.1 'Open' Host Controller (OHCI) Driver
[    1.747011] ohci-pci: OHCI PCI platform driver
[    1.748816] ohci-platform: OHCI generic platform driver
[    1.750818] uhci_hcd: USB Universal Host Controller Interface driver
[    1.753180] i8042: PNP: PS/2 Controller [PNP0303:PS2K,PNP0f03:PS2M] at 0x60,0x64 irq 1,12
[    1.757396] serio: i8042 KBD port at 0x60,0x64 irq 1
[    1.759563] serio: i8042 AUX port at 0x60,0x64 irq 12
[    1.762032] mousedev: PS/2 mouse device common for all mice
[    1.764882] input: AT Translated Set 2 keyboard as /devices/platform/i8042/serio0/input/input2
[    1.769310] rtc_cmos rtc_cmos: rtc core: registered rtc_cmos as rtc0
[    1.772035] rtc_cmos rtc_cmos: alarms up to one day, 114 bytes nvram
[    1.774564] i2c /dev entries driver
[    1.776291] device-mapper: uevent: version 1.0.3
[    1.778484] device-mapper: ioctl: 4.34.0-ioctl (2015-10-28) initialised: dm-devel@redhat.com
[    1.782266] ledtrig-cpu: registered to indicate activity on CPUs
[    1.785323] NET: Registered protocol family 10
[    1.787637] NET: Registered protocol family 17
[    1.789554] Key type dns_resolver registered
[    1.792215] registered taskstats version 1
[    1.794077] Loading compiled-in X.509 certificates
[    1.797014] Loaded X.509 cert 'Build time autogenerated kernel key: 75bc1b51278a37d3abb49bab6b1b0161a6cc9ec0'
[    1.801167] zswap: loaded using pool lzo/zbud
[    1.805824] Key type trusted registered
[    1.811229] Key type encrypted registered
[    1.813020] AppArmor: AppArmor sha1 policy hashing enabled
[    1.815384] ima: No TPM chip found, activating TPM-bypass!
[    1.817647] ima: Allocated hash algorithm: sha1
[    1.819748] evm: HMAC attrs: 0x1
[    1.821842]   Magic number: 15:6:804
[    1.823633] rtc_cmos rtc_cmos: setting system clock to 2019-12-20 21:47:53 UTC (1576878473)
[    1.827545] BIOS EDD facility v0.16 2004-Jun-25, 0 devices found
[    1.829974] EDD information not available.
[    1.900528] Freeing unused kernel memory: 1488K
[    1.906769] Write protecting the kernel read-only data: 14336k
[    1.914524] Freeing unused kernel memory: 1604K
[    1.917969] Freeing unused kernel memory: 60K
Loading, please wait...
starting version 229
[    1.948389] random: systemd-udevd: uninitialized urandom read (16 bytes read, 3 bits of entropy available)
[    1.949255] random: udevadm: uninitialized urandom read (16 bytes read, 3 bits of entropy available)
[    1.949287] random: udevadm: uninitialized urandom read (16 bytes read, 3 bits of entropy available)
[    1.960488] random: systemd-udevd: uninitialized urandom read (16 bytes read, 3 bits of entropy available)
[    1.964814] random: systemd-udevd: uninitialized urandom read (16 bytes read, 3 bits of entropy available)
[    1.966335] random: udevadm: uninitialized urandom read (16 bytes read, 3 bits of entropy available)
[    1.966407] random: udevadm: uninitialized urandom read (16 bytes read, 3 bits of entropy available)
[    1.966665] random: udevadm: uninitialized urandom read (16 bytes read, 3 bits of entropy available)
[    1.966758] random: udevadm: uninitialized urandom read (16 bytes read, 3 bits of entropy available)
[    1.966849] random: udevadm: uninitialized urandom read (16 bytes read, 3 bits of entropy available)
[    2.041443] Fusion MPT base driver 3.04.20
[    2.043391] Copyright (c) 1999-2008 LSI Corporation
[    2.045717] e1000: Intel(R) PRO/1000 Network Driver - version 7.3.21-k8-NAPI
[    2.048520] e1000: Copyright (c) 1999-2006 Intel Corporation.
[    2.054981] Fusion MPT SPI Host driver 3.04.20
[    2.088915] AVX2 version of gcm_enc/dec engaged.
[    2.091069] AES CTR mode by8 optimization enabled
[    2.264565] input: ImExPS/2 Generic Explorer Mouse as /devices/platform/i8042/serio1/input/input4
[    2.509150] e1000 0000:00:03.0 eth0: (PCI:33MHz:32-bit) 02:95:cf:22:ea:76
[    2.511839] e1000 0000:00:03.0 eth0: Intel(R) PRO/1000 Network Connection
[    2.515889] mptbase: ioc0: Initiating bringup
[    2.519209] e1000 0000:00:03.0 enp0s3: renamed from eth0
[    2.578679] ioc0: LSI53C1030 A0: Capabilities={Initiator}
[    2.740598] scsi host2: ioc0: LSI53C1030 A0, FwRev=00000000h, Ports=1, MaxQ=256, IRQ=20
[    2.854983] scsi 2:0:0:0: Direct-Access     VBOX     HARDDISK         1.0  PQ: 0 ANSI: 5
[    2.858942] scsi target2:0:0: Beginning Domain Validation
[    2.863268] scsi target2:0:0: Domain Validation skipping write tests
[    2.865556] scsi target2:0:0: Ending Domain Validation
[    2.867705] scsi target2:0:0: asynchronous
[    2.897214] scsi 2:0:1:0: Direct-Access     VBOX     HARDDISK         1.0  PQ: 0 ANSI: 5
[    2.900648] scsi target2:0:1: Beginning Domain Validation
[    2.904282] scsi target2:0:1: Domain Validation skipping write tests
[    2.906598] scsi target2:0:1: Ending Domain Validation
[    2.908695] scsi target2:0:1: asynchronous
[    2.916816] sd 2:0:0:0: [sda] 20971520 512-byte logical blocks: (10.7 GB/10.0 GiB)
[    2.917170] sd 2:0:0:0: Attached scsi generic sg0 type 0
[    2.917922] sd 2:0:1:0: Attached scsi generic sg1 type 0
[    2.918254] sd 2:0:1:0: [sdb] 20480 512-byte logical blocks: (10.5 MB/10.0 MiB)
[    2.918454] sd 2:0:1:0: [sdb] Write Protect is off
[    2.918588] sd 2:0:1:0: [sdb] Incomplete mode parameter data
[    2.918591] sd 2:0:1:0: [sdb] Assuming drive cache: write through
[    2.934323] sd 2:0:0:0: [sda] Write Protect is off
[    2.936469] sd 2:0:0:0: [sda] Incomplete mode parameter data
[    2.938585] sd 2:0:0:0: [sda] Assuming drive cache: write through
[    2.965745]  sda: sda1
[    2.968498] sd 2:0:0:0: [sda] Attached SCSI disk
[    2.978936] sd 2:0:1:0: [sdb] Attached SCSI disk
Begin: Loading essential drivers ... [    5.009477] md: linear personality registered for level -1
[    5.015212] md: multipath personality registered for level -4
[    5.021007] md: raid0 personality registered for level 0
[    5.028296] md: raid1 personality registered for level 1
[    5.102489] raid6: sse2x1   gen()  2692 MB/s
[    5.169841] raid6: sse2x1   xor()  1694 MB/s
[    5.238201] raid6: sse2x2   gen()  4504 MB/s
[    5.306540] raid6: sse2x2   xor()  3210 MB/s
[    5.373924] raid6: sse2x4   gen()  7008 MB/s
[    5.442254] raid6: sse2x4   xor()  4080 MB/s
[    5.510600] raid6: avx2x1   gen()  5685 MB/s
[    5.577960] raid6: avx2x2   gen() 10363 MB/s
[    5.646299] raid6: avx2x4   gen() 13887 MB/s
[    5.648167] raid6: using algorithm avx2x4 gen() 13887 MB/s
[    5.650509] raid6: using avx2x2 recovery algorithm
[    5.654376] xor: automatically using best checksumming function:
[    5.694123]    avx       : 17735.000 MB/sec
[    5.698073] async_tx: api initialized (async)
[    5.714083] md: raid6 personality registered for level 6
[    5.716267] md: raid5 personality registered for level 5
[    5.718316] md: raid4 personality registered for level 4
[    5.730299] md: raid10 personality registered for level 10
done.
Begin: Running /scripts/init-premount ... done.
Begin: Mounting root file system ... Begin: Running /scripts/local-top ... done.
Begin: Running /scripts/local-premount ... [    5.790525] Btrfs loaded
Scanning for Btrfs filesystems
done.
Warning: fsck not present, so skipping root file system
[    5.864229] EXT4-fs (sda1): mounted filesystem with ordered data mode. Opts: (null)
done.
Begin: Running /scripts/local-bottom ... done.
Begin: Running /scripts/init-bottom ... done.
[    6.741163] systemd[1]: systemd 229 running in system mode. (+PAM +AUDIT +SELINUX +IMA +APPARMOR +SMACK +SYSVINIT +UTMP +LIBCRYPTSETUP +GCRYPT +GNUTLS +ACL +XZ -LZ4 +SECCOMP +BLKID +ELFUTILS +KMOD -IDN)
[    6.759489] systemd[1]: Detected virtualization oracle.
[    6.764866] systemd[1]: Detected architecture x86-64.

Welcome to [1mUbuntu 16.04.6 LTS[0m!

[    6.920819] random: nonblocking pool is initialized
[    6.925763] systemd[1]: Set hostname to <ubuntu-xenial>.
[    8.545254] systemd[1]: Listening on /dev/initctl Compatibility Named Pipe.
[[0;32m  OK  [0m] Listening on /dev/initctl Compatibility Named Pipe.
[    8.550007] systemd[1]: Created slice User and Session Slice.
[[0;32m  OK  [0m] Created slice User and Session Slice.
[    8.553642] systemd[1]: Listening on udev Control Socket.
[[0;32m  OK  [0m] Listening on udev Control Socket.
[    8.557284] systemd[1]: Listening on udev Kernel Socket.
[[0;32m  OK  [0m] Listening on udev Kernel Socket.
[    8.560615] systemd[1]: Listening on Syslog Socket.
[[0;32m  OK  [0m] Listening on Syslog Socket.
[    8.570828] systemd[1]: Reached target System Time Synchronized.
[[0;32m  OK  [0m] Reached target System Time Synchronized.
[    8.574734] systemd[1]: Listening on LVM2 metadata daemon socket.
[[0;32m  OK  [0m] Listening on LVM2 metadata daemon socket.
[    8.578387] systemd[1]: Listening on Journal Socket.
[[0;32m  OK  [0m] Listening on Journal Socket.
[    8.586545] systemd[1]: Started Forward Password Requests to Wall Directory Watch.
[[0;32m  OK  [0m] Started Forward Password Requests to Wall Directory Watch.
[    8.591244] systemd[1]: Reached target Encrypted Volumes.
[[0;32m  OK  [0m] Reached target Encrypted Volumes.
[    8.594697] systemd[1]: Listening on Device-mapper event daemon FIFOs.
[[0;32m  OK  [0m] Listening on Device-mapper event daemon FIFOs.
[    8.598767] systemd[1]: Reached target User and Group Name Lookups.
[[0;32m  OK  [0m] Reached target User and Group Name Lookups.
[    8.602790] systemd[1]: Listening on LVM2 poll daemon socket.
[[0;32m  OK  [0m] Listening on LVM2 poll daemon socket.
[    8.606298] systemd[1]: Set up automount Arbitrary Executable File Formats File System Automount Point.
[[0;32m  OK  [0m] Set up automount Arbitrary Executab...ats File System Automount Point.
[    8.611635] systemd[1]: Listening on Journal Socket (/dev/log).
[[0;32m  OK  [0m] Listening on Journal Socket (/dev/log).
[    8.615326] systemd[1]: Reached target Swap.
[[0;32m  OK  [0m] Reached target Swap.
[    8.618766] systemd[1]: Created slice System Slice.
[[0;32m  OK  [0m] Created slice System Slice.
[    8.662678] systemd[1]: Starting Load Kernel Modules...
         Starting Load Kernel Modules...
[    8.675783] systemd[1]: Mounting Debug File System...
         Mounting Debug File System...
[    8.680196] systemd[1]: Starting Create list of required static device nodes for the current kernel...
         Starting Create list of required st... nodes for the current kernel...
[    8.686930] systemd[1]: Starting Nameserver information manager...
         Starting Nameserver information manager...
[    8.700268] systemd[1]: Mounting Huge Pages File System...
         Mounting Huge Pages File System...
[    8.704606] systemd[1]: Starting Uncomplicated firewall...
         Starting Uncomplicated firewall...
[    8.707879] systemd[1]: Reached target Slices.
[[0;32m  OK  [0m] Reached target Slices.
[    8.711874] systemd[1]: Starting Set console keymap...
         Starting Set console keymap...
[    8.715924] systemd[1]: Starting Remount Root and Kernel File Systems...
         Starting Remount Root and Kernel File Systems...
[    8.727894] systemd[1]: Mounting POSIX Message Queue File System...
         Mounting POSIX Message Queue File System...
[    8.732753] systemd[1]: Starting Monitoring of LVM2 mirrors, snapshots etc. using dmeventd or progress polling...
         Starting Monitoring of LVM2 mirrors... dmeventd or progress polling...
[    8.747369] systemd[1]: Created slice system-serial\x2dgetty.slice.
[[0;32m  OK  [0m] Created slice system-serial\x2dgetty.slice.
[    8.751422] systemd[1]: Listening on Journal Audit Socket.
[[0;32m  OK  [0m] Listening on Journal Audit Socket.
[    8.755986] systemd[1]: Starting Journal Service...
         Starting Journal Service...
[    8.759113] systemd[1]: Started Trigger resolvconf update for networkd DNS.
[[0;32m  OK  [0m] Started Trigger resolvconf update for networkd DNS.
[    9.010401] systemd[1]: Started Uncomplicated firewall.
[[0;32m  OK  [0m] Started Uncomplicated firewall.
[    9.017509] systemd[1]: Started Create list of required static device nodes for the current kernel.
[[0;32m  OK  [0m] Started Create list of required sta...ce nodes for the current kernel.
[    9.039795] EXT4-fs (sda1): re-mounted. Opts: (null)
[    9.042344] systemd[1]: Starting Create Static Device Nodes in /dev...
         Starting Create Static Device Nodes in /dev...
[    9.048827] systemd[1]: Mounted POSIX Message Queue File System.
[[0;32m  OK  [0m] Mounted POSIX Message Queue File System.
[    9.052283] systemd[1]: Mounted Huge Pages File System.
[[0;32m  OK  [0m] Mounted Huge Pages File System.
[    9.066264] systemd[1]: Mounted Debug File System.
[[0;32m  OK  [0m] Mounted Debug File System.
[    9.071717] systemd[1]: Started Remount Root and Kernel File Systems.
[[0;32m  OK  [0m] Started Remount Root and Kernel File Systems.
[    9.230834] systemd[1]: Starting udev Coldplug all Devices...
         Starting udev Coldplug all Devices...
[    9.240223] systemd[1]: Starting Load/Save Random Seed...
         Starting Load/Save Random Seed...
[    9.251163] systemd[1]: Started Nameserver information manager.
[[0;32m  OK  [0m] Started Nameserver information manager.
[    9.318734] Loading iSCSI transport class v2.0-870.
[    9.486778] systemd[1]: Started Journal Service.
[[0;32m  OK  [0m] Started Journal Service.
         Starting Flush Journal to Persistent Storage...
[[0;32m  OK  [0m] Started Load/Save Random Seed.
[[0;32m  OK  [0m] Started udev Coldplug all Devices.
[[0;32m  OK  [0m] Started Set console keymap.
[    9.722967] iscsi: registered transport (tcp)
[[0;32m  OK  [0m] Started LVM2 metadata daemon.
[    9.760349] systemd-journald[393]: Received request to flush runtime journal from PID 1
[[0;32m  OK  [0m] Started Flush Journal to Persistent Storage.
[   10.201083] iscsi: registered transport (iser)
[[0;32m  OK  [0m] Started Load Kernel Modules.
         Mounting FUSE Control File System...
         Starting Apply Kernel Variables...
[[0;32m  OK  [0m] Mounted FUSE Control File System.
[[0;32m  OK  [0m] Started Create Static Device Nodes in /dev.
         Starting udev Kernel Device Manager...
[[0;32m  OK  [0m] Started Monitoring of LVM2 mirrors,...ng dmeventd or progress polling.
[[0;32m  OK  [0m] Reached target Local File Systems (Pre).
[[0;32m  OK  [0m] Reached target Local File Systems.
         Starting Create Volatile Files and Directories...
         Starting LSB: AppArmor initialization...
         Starting Tell Plymouth To Write Out Runtime Data...
         Starting Initial cloud-init job (pre-networking)...
         Starting Set console font and keymap...
[[0;32m  OK  [0m] Started Apply Kernel Variables.
[[0;32m  OK  [0m] Started Tell Plymouth To Write Out Runtime Data.
[[0;32m  OK  [0m] Started Create Volatile Files and Directories.
         Starting Update UTMP about System Boot/Shutdown...
[[0;32m  OK  [0m] Started Update UTMP about System Boot/Shutdown.
[[0;32m  OK  [0m] Started udev Kernel Device Manager.
[[0;32m  OK  [0m] Started Dispatch Password Requests to Console Directory Watch.
[[0;32m  OK  [0m] Found device /dev/ttyS0.
[[0;32m  OK  [0m] Started Set console font and keymap.
[[0;32m  OK  [0m] Created slice system-getty.slice.
[[0;32m  OK  [0m] Listening on Load/Save RF Kill Switch Status /dev/rfkill Watch.
[[0;32m  OK  [0m] Found device 82540EM Gigabit Ethern...r (PRO/1000 MT Desktop Adapter).
[[0;32m  OK  [0m] Started LSB: AppArmor initialization.
[   18.208636] cloud-init[468]: Cloud-init v. 19.2-36-g059d049c-0ubuntu2~16.04.1 running 'init-local' at Fri, 20 Dec 2019 21:48:09 +0000. Up 17.23 seconds.
[[0;32m  OK  [0m] Started Initial cloud-init job (pre-networking).
[[0;32m  OK  [0m] Reached target Network (Pre).
         Starting Raise network interfaces...
[[0;32m  OK  [0m] Started ifup for enp0s3.
[[0;32m  OK  [0m] Started Raise network interfaces.
         Starting Initial cloud-init job (metadata service crawler)...
[[0;32m  OK  [0m] Reached target Network.
[   20.420258] cloud-init[981]: Cloud-init v. 19.2-36-g059d049c-0ubuntu2~16.04.1 running 'init' at Fri, 20 Dec 2019 21:48:11 +0000. Up 19.47 seconds.
[   20.430326] cloud-init[981]: ci-info: ++++++++++++++++++++++++++++++++++++++Net device info++++++++++++++++++++++++++++++++++++++
[   20.440999] cloud-init[981]: ci-info: +--------+------+----------------------------+---------------+--------+-------------------+
[   20.443331] cloud-init[981]: ci-info: | Device |  Up  |          Address           |      Mask     | Scope  |     Hw-Address    |
[   20.445527] cloud-init[981]: ci-info: +--------+------+----------------------------+---------------+--------+-------------------+
[   20.452540] cloud-init[981]: ci-info: | enp0s3 | True |         10.0.2.15          | 255.255.255.0 | global | 02:95:cf:22:ea:76 |
[   20.454694] cloud-init[981]: ci-info: | enp0s3 | True | fe80::95:cfff:fe22:ea76/64 |       .       |  link  | 02:95:cf:22:ea:76 |
[   20.456829] cloud-init[981]: ci-info: |   lo   | True |         127.0.0.1          |   255.0.0.0   |  host  |         .         |
[   20.458963] cloud-init[981]: ci-info: |   lo   | True |          ::1/128           |       .       |  host  |         .         |
[   20.461092] cloud-init[981]: ci-info: +--------+------+----------------------------+---------------+--------+-------------------+
[   20.463190] cloud-init[981]: ci-info: +++++++++++++++++++++++++++Route IPv4 info++++++++++++++++++++++++++++
[   20.465127] cloud-init[981]: ci-info: +-------+-------------+----------+---------------+-----------+-------+
[   20.473053] cloud-init[981]: ci-info: | Route | Destination | Gateway  |    Genmask    | Interface | Flags |
[   20.480888] cloud-init[981]: ci-info: +-------+-------------+----------+---------------+-----------+-------+
[   20.489685] cloud-init[981]: ci-info: |   0   |   0.0.0.0   | 10.0.2.2 |    0.0.0.0    |   enp0s3  |   UG  |
[   20.491552] cloud-init[981]: ci-info: |   1   |   10.0.2.0  | 0.0.0.0  | 255.255.255.0 |   enp0s3  |   U   |
[   20.501378] cloud-init[981]: ci-info: +-------+-------------+----------+---------------+-----------+-------+
[   20.503551] cloud-init[981]: ci-info: +++++++++++++++++++Route IPv6 info+++++++++++++++++++
[   20.505722] cloud-init[981]: ci-info: +-------+-------------+---------+-----------+-------+
[   20.507717] cloud-init[981]: ci-info: | Route | Destination | Gateway | Interface | Flags |
[   20.509856] cloud-init[981]: ci-info: +-------+-------------+---------+-----------+-------+
[   20.511914] cloud-init[981]: ci-info: |   0   |  fe80::/64  |    ::   |   enp0s3  |   U   |
[   20.513949] cloud-init[981]: ci-info: |   3   |   ff00::/8  |    ::   |   enp0s3  |   U   |
[   20.515874] cloud-init[981]: ci-info: +-------+-------------+---------+-----------+-------+
[[0;32m  OK  [0m] Started Initial cloud-init job (metadata service crawler).
[[0;32m  OK  [0m] Reached target Cloud-config availability.
[[0;32m  OK  [0m] Reached target Network is Online.
         Starting iSCSI initiator daemon (iscsid)...
[[0;32m  OK  [0m] Reached target System Initialization.
[[0;32m  OK  [0m] Listening on UUID daemon activation socket.
[[0;32m  OK  [0m] Listening on ACPID Listen Socket.
         Starting Socket activation for snappy daemon.
[[0;32m  OK  [0m] Started Message of the Day.
         Starting LXD - unix socket.
[[0;32m  OK  [0m] Started Daily apt download activities.
[[0;32m  OK  [0m] Started Daily apt upgrade and clean activities.
         Starting Docker Socket for the API.
[[0;32m  OK  [0m] Listening on D-Bus System Message Bus Socket.
[[0;32m  OK  [0m] Started ACPI Events Check.
[[0;32m  OK  [0m] Reached target Paths.
[[0;32m  OK  [0m] Started Daily Cleanup of Temporary Directories.
[[0;32m  OK  [0m] Reached target Timers.
[[0;32m  OK  [0m] Listening on Socket activation for snappy daemon.
[[0;32m  OK  [0m] Listening on LXD - unix socket.
[[0;32m  OK  [0m] Listening on Docker Socket for the API.
[[0;32m  OK  [0m] Started iSCSI initiator daemon (iscsid).
         Starting Login to default iSCSI targets...
[[0;32m  OK  [0m] Reached target Sockets.
[[0;32m  OK  [0m] Reached target Basic System.
         Starting Login Service...
         Starting LXD - container startup/shutdown...
[[0;32m  OK  [0m] Started ACPI event daemon.
[[0;32m  OK  [0m] Started Deferred execution scheduler.
[[0;32m  OK  [0m] Started FUSE filesystem for LXC.
         Starting System Logging Service...
         Starting LSB: MD monitoring daemon...
         Starting OpenBSD Secure Shell server...
[[0;32m  OK  [0m] Started Regular background program processing daemon.
         Starting /etc/rc.local Compatibility...
[[0;32m  OK  [0m] Started D-Bus System Message Bus.
         Starting Virtualbox guest utils...
         Starting containerd container runtime...
         Starting LSB: Record successful boot for GRUB...
         Starting Accounts Service...
         Starting Snappy daemon...
[[0;32m  OK  [0m] Started System Logging Service.
[[0;32m  OK  [0m] Started /etc/rc.local Compatibility.
[[0;32m  OK  [0m] Started Login Service.
[[0;32m  OK  [0m] Started Unattended Upgrades Shutdown.
[[0;32m  OK  [0m] Started containerd container runtime.
         Starting Docker Application Container Engine...
[[0;32m  OK  [0m] Started OpenBSD Secure Shell server.
[[0;32m  OK  [0m] Started LSB: Record successful boot for GRUB.
[[0;32m  OK  [0m] Started LSB: MD monitoring daemon.
[[0;32m  OK  [0m] Started Login to default iSCSI targets.
[[0;32m  OK  [0m] Reached target Remote File Systems (Pre).
[[0;32m  OK  [0m] Reached target Remote File Systems.
         Starting LSB: automatic crash report generation...
         Starting Permit User Sessions...
         Starting LSB: Set the CPU Frequency Scaling governor to "ondemand"...
         Starting LSB: daemon to balance interrupts for SMP systems...
[[0;32m  OK  [0m] Started LSB: Set the CPU Frequency Scaling governor to "ondemand".
[[0;32m  OK  [0m] Started Permit User Sessions.
         Starting Terminate Plymouth Boot Screen...
         Starting Hold until boot process finishes up...
[[0;32m  OK  [0m] Started Hold until boot process finishes up.
[[0;32m  OK  [0m] Started Terminate Plymouth Boot Screen.
[[0;32m  OK  [0m] Started Getty on tty1.
[[0;32m  OK  [0m] Started Serial Getty on ttyS0.
[[0;32m  OK  [0m] Reached target Login Prompts.
         Starting Set console scheme...
[[0;32m  OK  [0m] Started Set console scheme.
[[0;32m  OK  [0m] Started Virtualbox guest utils.
[[0;32m  OK  [0m] Started LSB: daemon to balance interrupts for SMP systems.
[[0;32m  OK  [0m] Started LSB: automatic crash report generation.
         Starting Authenticate and Authorize Users to Run Privileged Tasks...
[[0;32m  OK  [0m] Started Authenticate and Authorize Users to Run Privileged Tasks.
[[0;32m  OK  [0m] Started Accounts Service.
[[0;32m  OK  [0m] Started LXD - container startup/shutdown.

Ubuntu 16.04.6 LTS ubuntu-xenial ttyS0

ubuntu-xenial login: [   34.296650] cloud-init[1279]: Cloud-init v. 19.2-36-g059d049c-0ubuntu2~16.04.1 running 'modules:config' at Fri, 20 Dec 2019 21:48:25 +0000. Up 32.91 seconds.
[   48.906941] cloud-init[1795]: Cloud-init v. 19.2-36-g059d049c-0ubuntu2~16.04.1 running 'modules:final' at Fri, 20 Dec 2019 21:48:40 +0000. Up 48.49 seconds.
[   48.907276] cloud-init[1795]: Cloud-init v. 19.2-36-g059d049c-0ubuntu2~16.04.1 finished at Fri, 20 Dec 2019 21:48:41 +0000. Datasource DataSourceNoCloud [seed=/dev/sdb][dsmode=net].  Up 48.89 seconds
